\BOOKMARK [0][-]{chapter.3}{\376\377\000T\000h\000e\000\040\000H\000a\000r\000t\000r\000e\000e\000-\000F\000o\000c\000k\000\040\000A\000p\000p\000r\000o\000x\000i\000m\000a\000t\000i\000o\000n}{}% 1
\BOOKMARK [1][-]{section.3.1}{\376\377\000T\000h\000e\000\040\000H\000a\000r\000t\000r\000e\000e\000-\000F\000o\000c\000k\000\040\000E\000q\000u\000a\000t\000i\000o\000n\000s}{chapter.3}% 2
\BOOKMARK [2][-]{subsection.3.1.1}{\376\377\000T\000h\000e\000\040\000C\000o\000u\000l\000o\000m\000b\000\040\000a\000n\000d\000\040\000E\000x\000c\000h\000a\000n\000g\000e\000\040\000O\000p\000e\000r\000a\000t\000o\000r\000s}{section.3.1}% 3
\BOOKMARK [2][-]{subsection.3.1.2}{\376\377\000T\000h\000e\000\040\000F\000o\000c\000k\000\040\000O\000p\000e\000r\000a\000t\000o\000r}{section.3.1}% 4
\BOOKMARK [1][-]{section.3.2}{\376\377\000D\000e\000r\000i\000v\000a\000t\000i\000o\000n\000\040\000o\000f\000\040\000t\000h\000e\000\040\000H\000a\000r\000t\000r\000e\000e\000-\000F\000o\000c\000k\000\040\000E\000q\000u\000a\000t\000i\000o\000n\000s}{chapter.3}% 5
\BOOKMARK [2][-]{subsection.3.2.1}{\376\377\000F\000u\000n\000c\000t\000i\000o\000n\000a\000l\000\040\000V\000a\000r\000i\000a\000t\000i\000o\000n}{section.3.2}% 6
\BOOKMARK [2][-]{subsection.3.2.2}{\376\377\000M\000i\000n\000i\000m\000i\000z\000a\000t\000i\000o\000n\000\040\000o\000f\000\040\000t\000h\000e\000\040\000E\000n\000e\000r\000g\000y\000\040\000o\000f\000\040\000a\000\040\000S\000i\000n\000g\000l\000e\000\040\000D\000e\000t\000e\000r\000m\000i\000n\000a\000n\000t}{section.3.2}% 7
\BOOKMARK [2][-]{subsection.3.2.3}{\376\377\000T\000h\000e\000\040\000C\000a\000n\000o\000n\000i\000c\000a\000l\000\040\000H\000a\000r\000t\000r\000e\000e\000-\000F\000o\000c\000k\000\040\000E\000q\000u\000a\000t\000i\000o\000n\000s}{section.3.2}% 8
\BOOKMARK [1][-]{section.3.3}{\376\377\000I\000n\000t\000e\000r\000p\000r\000e\000t\000a\000t\000i\000o\000n\000\040\000o\000f\000\040\000S\000o\000l\000u\000t\000i\000o\000n\000s\000\040\000t\000o\000\040\000t\000h\000e\000\040\000H\000a\000r\000t\000r\000e\000e\000-\000F\000o\000c\000k\000\040\000E\000q\000u\000a\000t\000i\000o\000n\000s}{chapter.3}% 9
\BOOKMARK [2][-]{subsection.3.3.1}{\376\377\000O\000r\000b\000i\000t\000a\000l\000\040\000E\000n\000e\000r\000g\000i\000e\000s\000\040\000a\000n\000d\000\040\000K\000o\000o\000p\000m\000a\000n\000s\000'\000\040\000T\000h\000e\000o\000r\000e\000m}{section.3.3}% 10
\BOOKMARK [2][-]{subsection.3.3.2}{\376\377\000B\000r\000i\000l\000l\000o\000u\000i\000n\000'\000s\000\040\000T\000h\000e\000o\000r\000e\000m}{section.3.3}% 11
\BOOKMARK [2][-]{subsection.3.3.3}{\376\377\000T\000h\000e\000\040\000H\000a\000r\000t\000r\000e\000e\000-\000F\000o\000c\000k\000\040\000H\000a\000m\000i\000l\000t\000o\000n\000i\000a\000n}{section.3.3}% 12
\BOOKMARK [1][-]{section.3.4}{\376\377\000R\000e\000s\000t\000r\000i\000c\000t\000e\000d\000\040\000C\000l\000o\000s\000e\000d\000-\000S\000h\000e\000l\000l\000\040\000H\000a\000r\000t\000r\000e\000e\000-\000F\000o\000c\000k\000:\000\040\000T\000h\000e\000\040\000R\000o\000o\000t\000h\000a\000a\000n\000\040\000E\000q\000u\000a\000t\000i\000o\000n\000s}{chapter.3}% 13
\BOOKMARK [2][-]{subsection.3.4.1}{\376\377\000C\000l\000o\000s\000e\000d\000-\000S\000h\000e\000l\000l\000\040\000H\000a\000r\000t\000r\000e\000e\000-\000F\000o\000c\000k\000:\000\040\000R\000e\000s\000t\000r\000i\000c\000t\000e\000d\000\040\000S\000p\000i\000n\000\040\000O\000r\000b\000i\000t\000a\000l\000s}{section.3.4}% 14
\BOOKMARK [2][-]{subsection.3.4.2}{\376\377\000I\000n\000t\000r\000o\000d\000u\000c\000t\000i\000o\000n\000\040\000o\000f\000\040\000a\000\040\000B\000a\000s\000i\000s\000:\000\040\000T\000h\000e\000\040\000R\000o\000o\000t\000h\000a\000a\000n\000\040\000E\000q\000u\000a\000t\000i\000o\000n\000s}{section.3.4}% 15
\BOOKMARK [2][-]{subsection.3.4.3}{\376\377\000T\000h\000e\000\040\000C\000h\000a\000r\000g\000e\000\040\000D\000e\000n\000s\000i\000t\000y}{section.3.4}% 16
\BOOKMARK [2][-]{subsection.3.4.4}{\376\377\000E\000x\000p\000r\000e\000s\000s\000i\000o\000n\000\040\000f\000o\000r\000\040\000t\000h\000e\000\040\000F\000o\000c\000k\000\040\000M\000a\000t\000r\000i\000x}{section.3.4}% 17
\BOOKMARK [2][-]{subsection.3.4.5}{\376\377\000O\000r\000t\000h\000o\000g\000o\000n\000a\000l\000i\000z\000a\000t\000i\000o\000n\000\040\000o\000f\000\040\000t\000h\000e\000\040\000B\000a\000s\000i\000s}{section.3.4}% 18
\BOOKMARK [2][-]{subsection.3.4.6}{\376\377\000T\000h\000e\000\040\000S\000C\000F\000\040\000P\000r\000o\000c\000e\000d\000u\000r\000e}{section.3.4}% 19
\BOOKMARK [2][-]{subsection.3.4.7}{\376\377\000E\000x\000p\000e\000c\000t\000a\000t\000i\000o\000n\000\040\000V\000a\000l\000u\000e\000s\000\040\000a\000n\000d\000\040\000P\000o\000p\000u\000l\000a\000t\000i\000o\000n\000\040\000A\000n\000a\000l\000y\000s\000i\000s}{section.3.4}% 20
\BOOKMARK [1][-]{section.3.5}{\376\377\000M\000o\000d\000e\000l\000\040\000C\000a\000l\000c\000u\000l\000a\000t\000i\000o\000n\000s\000\040\000o\000n\000\040\000-\000\040\000a\000n\000d\000\040\000-}{chapter.3}% 21
\BOOKMARK [2][-]{subsection.3.5.1}{\376\377\000T\000h\000e\000\040\000-\000\040\000M\000i\000n\000i\000m\000a\000l\000\040\000S\000T\000O\000-\0003\000G\000\040\000B\000a\000s\000i\000s\000\040\000s\000e\000t}{section.3.5}% 22
\BOOKMARK [2][-]{subsection.3.5.2}{\376\377\000S\000T\000O\000-\0003\000G\000\040\000-}{section.3.5}% 23
\BOOKMARK [2][-]{subsection.3.5.3}{\376\377\000A\000n\000\040\000S\000C\000F\000\040\000C\000a\000l\000c\000u\000l\000a\000t\000i\000o\000n\000\040\000o\000n\000\040\000S\000T\000O\000-\0003\000G\000\040\000-}{section.3.5}% 24
\BOOKMARK [1][-]{section.3.6}{\376\377\000P\000o\000l\000y\000a\000t\000o\000m\000i\000c\000\040\000B\000a\000s\000i\000s\000\040\000S\000e\000t\000s}{chapter.3}% 25
\BOOKMARK [2][-]{subsection.3.6.1}{\376\377\000C\000o\000n\000t\000r\000a\000c\000t\000e\000d\000\040\000G\000a\000u\000s\000s\000i\000a\000n\000\040\000F\000u\000n\000c\000t\000i\000o\000n\000s}{section.3.6}% 26
\BOOKMARK [2][-]{subsection.3.6.2}{\376\377\000M\000i\000n\000i\000m\000a\000l\000\040\000B\000a\000s\000i\000s\000\040\000S\000e\000t\000s\000:\000\040\000S\000T\000O\000-\0003\000G}{section.3.6}% 27
\BOOKMARK [2][-]{subsection.3.6.3}{\376\377\000D\000o\000u\000b\000l\000e\000\040\000Z\000e\000t\000a\000\040\000B\000a\000s\000i\000s\000\040\000S\000e\000t\000s\000:\000\040\0004\000-\0003\0001\000G}{section.3.6}% 28
\BOOKMARK [2][-]{subsection.3.6.4}{\376\377\000P\000o\000l\000a\000r\000i\000z\000e\000d\000\040\000B\000a\000s\000i\000s\000\040\000S\000e\000t\000s\000:\000\040\0006\000-\0003\0001\000G\000*\000\040\000a\000n\000d\000\040\0006\000-\0003\0001\000G\000*\000*}{section.3.6}% 29
\BOOKMARK [1][-]{section.3.7}{\376\377\000S\000o\000m\000e\000\040\000I\000l\000l\000u\000s\000t\000r\000a\000t\000i\000v\000e\000\040\000C\000l\000o\000s\000e\000d\000-\000S\000h\000e\000l\000l\000\040\000C\000a\000l\000c\000u\000l\000a\000t\000i\000o\000n\000s}{chapter.3}% 30
\BOOKMARK [2][-]{subsection.3.7.1}{\376\377\000T\000o\000t\000a\000l\000\040\000E\000n\000e\000r\000g\000i\000e\000s}{section.3.7}% 31
\BOOKMARK [2][-]{subsection.3.7.2}{\376\377\000I\000o\000n\000i\000z\000a\000t\000i\000o\000n\000\040\000P\000o\000t\000e\000n\000t\000i\000a\000l\000s}{section.3.7}% 32
\BOOKMARK [2][-]{subsection.3.7.3}{\376\377\000E\000q\000u\000i\000l\000i\000b\000r\000i\000u\000m\000\040\000G\000e\000o\000m\000e\000t\000r\000i\000e\000s}{section.3.7}% 33
\BOOKMARK [2][-]{subsection.3.7.4}{\376\377\000P\000o\000p\000u\000l\000a\000t\000i\000o\000n\000\040\000A\000n\000a\000l\000y\000s\000i\000s\000\040\000a\000n\000d\000\040\000D\000i\000p\000o\000l\000e\000\040\000M\000o\000m\000e\000n\000t\000s}{section.3.7}% 34
\BOOKMARK [1][-]{section.3.8}{\376\377\000U\000n\000r\000e\000s\000t\000r\000i\000c\000t\000e\000d\000\040\000O\000p\000e\000n\000-\000S\000h\000e\000l\000l\000\040\000H\000a\000r\000t\000r\000e\000e\000-\000F\000o\000c\000k\000:\000\040\000T\000h\000e\000\040\000P\000o\000p\000l\000e\000-\000N\000e\000s\000b\000e\000t\000\040\000-\000\040\000E\000q\000u\000a\000t\000i\000o\000n\000s}{chapter.3}% 35
\BOOKMARK [2][-]{subsection.3.8.1}{\376\377\000O\000p\000e\000n\000-\000S\000h\000e\000l\000l\000\040\000H\000a\000r\000t\000r\000e\000e\000\040\000F\000o\000c\000k\000:\000\040\000U\000n\000r\000e\000s\000t\000r\000i\000c\000t\000e\000d\000\040\000S\000p\000i\000n\000\040\000O\000r\000b\000i\000t\000a\000l\000s}{section.3.8}% 36
\BOOKMARK [2][-]{subsection.3.8.2}{\376\377\000I\000n\000t\000r\000o\000d\000u\000c\000t\000i\000o\000n\000\040\000o\000f\000\040\000a\000\040\000B\000a\000s\000i\000s\000:\000\040\000T\000h\000e\000\040\000P\000o\000p\000l\000e\000-\000N\000e\000s\000b\000e\000t\000\040\000E\000q\000u\000a\000t\000i\000o\000n\000s}{section.3.8}% 37
\BOOKMARK [2][-]{subsection.3.8.3}{\376\377\000U\000n\000r\000e\000s\000t\000r\000i\000c\000t\000e\000d\000\040\000D\000e\000n\000s\000i\000t\000y\000\040\000M\000a\000t\000r\000i\000c\000e\000s}{section.3.8}% 38
\BOOKMARK [2][-]{subsection.3.8.4}{\376\377\000E\000x\000p\000r\000e\000s\000s\000i\000o\000n\000\040\000f\000o\000r\000\040\000t\000h\000e\000\040\000F\000o\000c\000k\000\040\000M\000a\000t\000r\000i\000c\000e\000s}{section.3.8}% 39
\BOOKMARK [2][-]{subsection.3.8.5}{\376\377\000S\000o\000l\000u\000t\000i\000o\000n\000\040\000o\000f\000\040\000t\000h\000e\000\040\000U\000n\000r\000e\000s\000t\000r\000i\000c\000t\000e\000d\000\040\000S\000C\000F\000\040\000E\000q\000u\000a\000t\000i\000o\000n\000s}{section.3.8}% 40
\BOOKMARK [2][-]{subsection.3.8.6}{\376\377\000I\000l\000l\000u\000s\000t\000r\000a\000t\000i\000v\000e\000\040\000U\000n\000r\000e\000s\000t\000r\000i\000c\000t\000e\000d\000\040\000C\000a\000l\000c\000u\000l\000a\000t\000i\000o\000n\000s}{section.3.8}% 41
\BOOKMARK [2][-]{subsection.3.8.7}{\376\377\000T\000h\000e\000\040\000D\000i\000s\000s\000o\000c\000i\000a\000t\000i\000o\000n\000\040\000P\000r\000o\000b\000l\000e\000m\000\040\000a\000n\000d\000\040\000i\000t\000s\000\040\000U\000n\000r\000e\000s\000t\000r\000i\000c\000t\000e\000d\000\040\000S\000o\000l\000u\000t\000i\000o\000n}{section.3.8}% 42
